{"backgrid-moment-cell.js":{"path":"backgrid-moment-cell.js","s":{"1":1,"2":1,"3":0,"4":1,"5":1,"6":24,"7":1,"8":1,"9":15,"10":2,"11":13,"12":13,"13":0,"14":13,"15":0,"16":13,"17":13,"18":13,"19":10,"20":3,"21":13,"22":10,"23":10,"24":2,"25":8,"26":0,"27":8,"28":0,"29":8,"30":8,"31":8,"32":7,"33":1,"34":8,"35":1,"36":3,"37":3,"38":3,"39":3,"40":3,"41":3,"42":3,"43":1},"b":{"1":[0,1],"2":[2,13],"3":[1,12],"4":[1,11],"5":[10,1],"6":[0,13],"7":[0,13],"8":[13,0],"9":[10,3],"10":[1,9],"11":[1,8],"12":[4,4],"13":[2,8],"14":[10,10],"15":[0,8],"16":[0,8],"17":[8,0],"18":[7,1],"19":[3,0,0]},"f":{"1":1,"2":1,"3":24,"4":15,"5":10,"6":3},"fnMap":{"1":{"name":"(anonymous_1)","line":8,"loc":{"start":{"line":8,"column":1},"end":{"line":8,"column":26}}},"2":{"name":"(anonymous_2)","line":18,"loc":{"start":{"line":18,"column":8},"end":{"line":18,"column":39}}},"3":{"name":"(anonymous_3)","line":31,"loc":{"start":{"line":31,"column":61},"end":{"line":31,"column":80}}},"4":{"name":"(anonymous_4)","line":92,"loc":{"start":{"line":92,"column":13},"end":{"line":92,"column":32}}},"5":{"name":"(anonymous_5)","line":119,"loc":{"start":{"line":119,"column":11},"end":{"line":119,"column":36}}},"6":{"name":"(anonymous_6)","line":163,"loc":{"start":{"line":163,"column":16},"end":{"line":163,"column":35}}}},"statementMap":{"1":{"start":{"line":8,"column":0},"end":{"line":185,"column":4}},"2":{"start":{"line":11,"column":2},"end":{"line":16,"column":51}},"3":{"start":{"line":12,"column":4},"end":{"line":13,"column":48}},"4":{"start":{"line":16,"column":7},"end":{"line":16,"column":51}},"5":{"start":{"line":31,"column":2},"end":{"line":33,"column":4}},"6":{"start":{"line":32,"column":4},"end":{"line":32,"column":43}},"7":{"start":{"line":34,"column":2},"end":{"line":34,"column":57}},"8":{"start":{"line":35,"column":2},"end":{"line":140,"column":5}},"9":{"start":{"line":93,"column":6},"end":{"line":93,"column":37}},"10":{"start":{"line":93,"column":27},"end":{"line":93,"column":37}},"11":{"start":{"line":95,"column":6},"end":{"line":99,"column":58}},"12":{"start":{"line":101,"column":6},"end":{"line":101,"column":46}},"13":{"start":{"line":101,"column":36},"end":{"line":101,"column":46}},"14":{"start":{"line":103,"column":6},"end":{"line":103,"column":55}},"15":{"start":{"line":103,"column":39},"end":{"line":103,"column":55}},"16":{"start":{"line":105,"column":6},"end":{"line":105,"column":53}},"17":{"start":{"line":105,"column":28},"end":{"line":105,"column":53}},"18":{"start":{"line":107,"column":6},"end":{"line":107,"column":53}},"19":{"start":{"line":107,"column":29},"end":{"line":107,"column":37}},"20":{"start":{"line":107,"column":43},"end":{"line":107,"column":53}},"21":{"start":{"line":109,"column":6},"end":{"line":109,"column":42}},"22":{"start":{"line":121,"column":6},"end":{"line":125,"column":68}},"23":{"start":{"line":127,"column":6},"end":{"line":127,"column":37}},"24":{"start":{"line":127,"column":30},"end":{"line":127,"column":37}},"25":{"start":{"line":129,"column":6},"end":{"line":129,"column":44}},"26":{"start":{"line":129,"column":34},"end":{"line":129,"column":44}},"27":{"start":{"line":131,"column":6},"end":{"line":131,"column":53}},"28":{"start":{"line":131,"column":37},"end":{"line":131,"column":53}},"29":{"start":{"line":133,"column":6},"end":{"line":133,"column":49}},"30":{"start":{"line":133,"column":26},"end":{"line":133,"column":49}},"31":{"start":{"line":135,"column":6},"end":{"line":135,"column":51}},"32":{"start":{"line":135,"column":27},"end":{"line":135,"column":35}},"33":{"start":{"line":135,"column":41},"end":{"line":135,"column":51}},"34":{"start":{"line":137,"column":6},"end":{"line":137,"column":40}},"35":{"start":{"line":149,"column":2},"end":{"line":181,"column":5}},"36":{"start":{"line":165,"column":6},"end":{"line":165,"column":61}},"37":{"start":{"line":167,"column":6},"end":{"line":167,"column":65}},"38":{"start":{"line":168,"column":6},"end":{"line":168,"column":59}},"39":{"start":{"line":169,"column":6},"end":{"line":169,"column":61}},"40":{"start":{"line":170,"column":6},"end":{"line":170,"column":67}},"41":{"start":{"line":172,"column":6},"end":{"line":172,"column":83}},"42":{"start":{"line":174,"column":6},"end":{"line":178,"column":9}},"43":{"start":{"line":183,"column":2},"end":{"line":183,"column":69}}},"branchMap":{"1":{"line":11,"type":"if","locations":[{"start":{"line":11,"column":2},"end":{"line":11,"column":2}},{"start":{"line":11,"column":2},"end":{"line":11,"column":2}}]},"2":{"line":93,"type":"if","locations":[{"start":{"line":93,"column":6},"end":{"line":93,"column":6}},{"start":{"line":93,"column":6},"end":{"line":93,"column":6}}]},"3":{"line":95,"type":"cond-expr","locations":[{"start":{"line":95,"column":39},"end":{"line":95,"column":54}},{"start":{"line":96,"column":8},"end":{"line":99,"column":57}}]},"4":{"line":96,"type":"cond-expr","locations":[{"start":{"line":96,"column":36},"end":{"line":96,"column":56}},{"start":{"line":97,"column":8},"end":{"line":99,"column":57}}]},"5":{"line":97,"type":"cond-expr","locations":[{"start":{"line":98,"column":8},"end":{"line":98,"column":61}},{"start":{"line":99,"column":8},"end":{"line":99,"column":57}}]},"6":{"line":101,"type":"if","locations":[{"start":{"line":101,"column":6},"end":{"line":101,"column":6}},{"start":{"line":101,"column":6},"end":{"line":101,"column":6}}]},"7":{"line":103,"type":"if","locations":[{"start":{"line":103,"column":6},"end":{"line":103,"column":6}},{"start":{"line":103,"column":6},"end":{"line":103,"column":6}}]},"8":{"line":105,"type":"if","locations":[{"start":{"line":105,"column":6},"end":{"line":105,"column":6}},{"start":{"line":105,"column":6},"end":{"line":105,"column":6}}]},"9":{"line":107,"type":"if","locations":[{"start":{"line":107,"column":6},"end":{"line":107,"column":6}},{"start":{"line":107,"column":6},"end":{"line":107,"column":6}}]},"10":{"line":121,"type":"cond-expr","locations":[{"start":{"line":121,"column":41},"end":{"line":121,"column":63}},{"start":{"line":122,"column":8},"end":{"line":125,"column":67}}]},"11":{"line":122,"type":"cond-expr","locations":[{"start":{"line":122,"column":38},"end":{"line":122,"column":65}},{"start":{"line":123,"column":8},"end":{"line":125,"column":67}}]},"12":{"line":123,"type":"cond-expr","locations":[{"start":{"line":124,"column":8},"end":{"line":124,"column":71}},{"start":{"line":125,"column":8},"end":{"line":125,"column":67}}]},"13":{"line":127,"type":"if","locations":[{"start":{"line":127,"column":6},"end":{"line":127,"column":6}},{"start":{"line":127,"column":6},"end":{"line":127,"column":6}}]},"14":{"line":127,"type":"binary-expr","locations":[{"start":{"line":127,"column":10},"end":{"line":127,"column":12}},{"start":{"line":127,"column":16},"end":{"line":127,"column":28}}]},"15":{"line":129,"type":"if","locations":[{"start":{"line":129,"column":6},"end":{"line":129,"column":6}},{"start":{"line":129,"column":6},"end":{"line":129,"column":6}}]},"16":{"line":131,"type":"if","locations":[{"start":{"line":131,"column":6},"end":{"line":131,"column":6}},{"start":{"line":131,"column":6},"end":{"line":131,"column":6}}]},"17":{"line":133,"type":"if","locations":[{"start":{"line":133,"column":6},"end":{"line":133,"column":6}},{"start":{"line":133,"column":6},"end":{"line":133,"column":6}}]},"18":{"line":135,"type":"if","locations":[{"start":{"line":135,"column":6},"end":{"line":135,"column":6}},{"start":{"line":135,"column":6},"end":{"line":135,"column":6}}]},"19":{"line":175,"type":"binary-expr","locations":[{"start":{"line":175,"column":33},"end":{"line":175,"column":65}},{"start":{"line":175,"column":69},"end":{"line":175,"column":91}},{"start":{"line":175,"column":95},"end":{"line":175,"column":97}}]}}}}